<?xml version="1.0" encoding="UTF-8"?>
<testng-results ignored="0" total="3" passed="3" failed="0" skipped="0">
  <reporter-output>
  </reporter-output>
  <suite started-at="2026-01-21T11:09:40 IST" name="Insurance Automation Test Suite" finished-at="2026-01-21T11:11:34 IST" duration-ms="114193">
    <groups>
    </groups>
    <test started-at="2026-01-21T11:09:40 IST" name="Insurance Quote Tests" finished-at="2026-01-21T11:11:34 IST" duration-ms="114193">
      <class name="org.example.tests.CarInsuranceTest">
        <test-method is-config="true" signature="setUp()[pri:0, instance:org.example.tests.CarInsuranceTest@158da8e]" started-at="2026-01-21T11:09:40 IST" name="setUp" finished-at="2026-01-21T11:09:46 IST" duration-ms="6346" status="PASS">
          <reporter-output>
          </reporter-output>
        </test-method> <!-- setUp -->
        <test-method signature="testCarInsurance()[pri:1, instance:org.example.tests.CarInsuranceTest@158da8e]" started-at="2026-01-21T11:09:46 IST" name="testCarInsurance" description="Test Car Insurance quote retrieval" finished-at="2026-01-21T11:10:05 IST" duration-ms="18611" status="PASS">
          <reporter-output>
          </reporter-output>
        </test-method> <!-- testCarInsurance -->
        <test-method is-config="true" signature="tearDown()[pri:0, instance:org.example.tests.CarInsuranceTest@158da8e]" started-at="2026-01-21T11:10:05 IST" name="tearDown" finished-at="2026-01-21T11:10:12 IST" duration-ms="7408" status="PASS">
          <reporter-output>
          </reporter-output>
        </test-method> <!-- tearDown -->
      </class> <!-- org.example.tests.CarInsuranceTest -->
      <class name="org.example.tests.TravelInsuranceTest">
        <test-method is-config="true" signature="setUp()[pri:0, instance:org.example.tests.TravelInsuranceTest@131774fe]" started-at="2026-01-21T11:10:29 IST" name="setUp" finished-at="2026-01-21T11:10:33 IST" duration-ms="3884" status="PASS">
          <reporter-output>
          </reporter-output>
        </test-method> <!-- setUp -->
        <test-method signature="testTravelInsurance()[pri:3, instance:org.example.tests.TravelInsuranceTest@131774fe]" started-at="2026-01-21T11:10:33 IST" name="testTravelInsurance" description="Test Travel Insurance quote retrieval" finished-at="2026-01-21T11:11:28 IST" duration-ms="54633" status="PASS">
          <reporter-output>
          </reporter-output>
        </test-method> <!-- testTravelInsurance -->
        <test-method is-config="true" signature="tearDown()[pri:0, instance:org.example.tests.TravelInsuranceTest@131774fe]" started-at="2026-01-21T11:11:28 IST" name="tearDown" finished-at="2026-01-21T11:11:34 IST" duration-ms="6200" status="PASS">
          <reporter-output>
          </reporter-output>
        </test-method> <!-- tearDown -->
      </class> <!-- org.example.tests.TravelInsuranceTest -->
      <class name="org.example.tests.BikeInsuranceTest">
        <test-method is-config="true" signature="setUp()[pri:0, instance:org.example.tests.BikeInsuranceTest@10e31a9a]" started-at="2026-01-21T11:10:12 IST" name="setUp" finished-at="2026-01-21T11:10:16 IST" duration-ms="3838" status="PASS">
          <reporter-output>
          </reporter-output>
        </test-method> <!-- setUp -->
        <test-method signature="testBikeInsurance()[pri:2, instance:org.example.tests.BikeInsuranceTest@10e31a9a]" started-at="2026-01-21T11:10:16 IST" name="testBikeInsurance" description="Test Bike Insurance quote retrieval" finished-at="2026-01-21T11:10:24 IST" duration-ms="8258" status="PASS">
          <reporter-output>
          </reporter-output>
        </test-method> <!-- testBikeInsurance -->
        <test-method is-config="true" signature="tearDown()[pri:0, instance:org.example.tests.BikeInsuranceTest@10e31a9a]" started-at="2026-01-21T11:10:24 IST" name="tearDown" finished-at="2026-01-21T11:10:29 IST" duration-ms="4856" status="PASS">
          <reporter-output>
          </reporter-output>
        </test-method> <!-- tearDown -->
      </class> <!-- org.example.tests.BikeInsuranceTest -->
    </test> <!-- Insurance Quote Tests -->
  </suite> <!-- Insurance Automation Test Suite -->
</testng-results>
