<?xml version="1.0" encoding="UTF-8"?>
<!-- Generated by org.testng.reporters.JUnitXMLReporter -->
<testsuite ignored="0" hostname="LTIN677400" failures="0" tests="3" name="Insurance Quote Tests" time="114.193" errors="0" timestamp="2026-01-21T11:11:34 IST">
  <testcase classname="org.example.tests.CarInsuranceTest" name="testCarInsurance" time="18.611"/>
  <testcase classname="org.example.tests.BikeInsuranceTest" name="testBikeInsurance" time="8.258"/>
  <testcase classname="org.example.tests.TravelInsuranceTest" name="testTravelInsurance" time="54.633"/>
</testsuite> <!-- Insurance Quote Tests -->
